# JRE version: OpenJDK Runtime Environment (17.0.6) (build 17.0.6+0-b2043.56-10027231)
# Java VM: OpenJDK 64-Bit Server VM (17.0.6+0-b2043.56-10027231, mixed mode, tiered, compressed oops, compressed class ptrs, g1 gc, windows-amd64)
GC Precious Log:
 CPUs: 2 total, 2 available
 Memory: 5955M
 Large Page Support: Disabled
 NUMA Support: Disabled
 Compressed Oops: Enabled (32-bit)
 Heap Region Size: 1M
 Heap Min Capacity: 8M
 Heap Initial Capacity: 94M
 Heap Max Capacity: 2G
 Pre-touch: Disabled
 Parallel Workers: 2
 Concurrent Workers: 1
 Concurrent Refinement Workers: 2
 Periodic GC: Disabled
Heap:
 garbage-first heap   total 307200K, used 140051K [0x0000000080000000, 0x0000000100000000)
  region size 1024K, 2 young (2048K), 2 survivors (2048K)
 Metaspace       used 138352K, committed 139136K, reserved 1171456K
  class space    used 17891K, committed 18240K, reserved 1048576K
GC Heap History (20 events):
Event: 170.043 GC heap after
{Heap after GC invocations=69 (full 0):
 garbage-first heap   total 307200K, used 146387K [0x0000000080000000, 0x0000000100000000)
  region size 1024K, 17 young (17408K), 17 survivors (17408K)
 Metaspace       used 130004K, committed 130752K, reserved 1163264K
  class space    used 16815K, committed 17152K, reserved 1048576K
}
Event: 171.826 GC heap before
{Heap before GC invocations=69 (full 0):
 garbage-first heap   total 307200K, used 250835K [0x0000000080000000, 0x0000000100000000)
  region size 1024K, 119 young (121856K), 17 survivors (17408K)
 Metaspace       used 133643K, committed 134464K, reserved 1171456K
  class space    used 17340K, committed 17728K, reserved 1048576K
}
Event: 172.015 GC heap after
{Heap after GC invocations=70 (full 0):
 garbage-first heap   total 307200K, used 161160K [0x0000000080000000, 0x0000000100000000)
  region size 1024K, 14 young (14336K), 14 survivors (14336K)
 Metaspace       used 133643K, committed 134464K, reserved 1171456K
  class space    used 17340K, committed 17728K, reserved 1048576K
}
Event: 176.699 GC heap before
{Heap before GC invocations=70 (full 0):
 garbage-first heap   total 307200K, used 249224K [0x0000000080000000, 0x0000000100000000)
  region size 1024K, 100 young (102400K), 14 survivors (14336K)
 Metaspace       used 137865K, committed 138624K, reserved 1171456K
  class space    used 17843K, committed 18176K, reserved 1048576K
}
Event: 176.818 GC heap after
{Heap after GC invocations=71 (full 0):
 garbage-first heap   total 307200K, used 162816K [0x0000000080000000, 0x0000000100000000)
  region size 1024K, 2 young (2048K), 2 survivors (2048K)
 Metaspace       used 137865K, committed 138624K, reserved 1171456K
  class space    used 17843K, committed 18176K, reserved 1048576K
}
Event: 179.497 GC heap before
{Heap before GC invocations=72 (full 0):
 garbage-first heap   total 307200K, used 240640K [0x0000000080000000, 0x0000000100000000)
  region size 1024K, 91 young (93184K), 2 survivors (2048K)
 Metaspace       used 138038K, committed 138816K, reserved 1171456K
  class space    used 17851K, committed 18176K, reserved 1048576K
}
Event: 179.516 GC heap after
{Heap after GC invocations=73 (full 0):
 garbage-first heap   total 307200K, used 149890K [0x0000000080000000, 0x0000000100000000)
  region size 1024K, 2 young (2048K), 2 survivors (2048K)
 Metaspace       used 138038K, committed 138816K, reserved 1171456K
  class space    used 17851K, committed 18176K, reserved 1048576K
}
Event: 179.720 GC heap before
{Heap before GC invocations=73 (full 0):
 garbage-first heap   total 307200K, used 163202K [0x0000000080000000, 0x0000000100000000)
  region size 1024K, 15 young (15360K), 2 survivors (2048K)
 Metaspace       used 138047K, committed 138816K, reserved 1171456K
  class space    used 17851K, committed 18176K, reserved 1048576K
}
Event: 179.731 GC heap after
{Heap after GC invocations=74 (full 0):
 garbage-first heap   total 307200K, used 144471K [0x0000000080000000, 0x0000000100000000)
  region size 1024K, 1 young (1024K), 1 survivors (1024K)
 Metaspace       used 138047K, committed 138816K, reserved 1171456K
  class space    used 17851K, committed 18176K, reserved 1048576K
}
Event: 181.760 GC heap before
{Heap before GC invocations=74 (full 0):
 garbage-first heap   total 307200K, used 255063K [0x0000000080000000, 0x0000000100000000)
  region size 1024K, 109 young (111616K), 1 survivors (1024K)
 Metaspace       used 138114K, committed 138880K, reserved 1171456K
  class space    used 17851K, committed 18176K, reserved 1048576K
}
Event: 181.770 GC heap after
{Heap after GC invocations=75 (full 0):
 garbage-first heap   total 307200K, used 144689K [0x0000000080000000, 0x0000000100000000)
  region size 1024K, 1 young (1024K), 1 survivors (1024K)
 Metaspace       used 138114K, committed 138880K, reserved 1171456K
  class space    used 17851K, committed 18176K, reserved 1048576K
}
Event: 183.779 GC heap before
{Heap before GC invocations=75 (full 0):
 garbage-first heap   total 307200K, used 259377K [0x0000000080000000, 0x0000000100000000)
  region size 1024K, 113 young (115712K), 1 survivors (1024K)
 Metaspace       used 138173K, committed 138944K, reserved 1171456K
  class space    used 17862K, committed 18240K, reserved 1048576K
}
Event: 183.795 GC heap after
{Heap after GC invocations=76 (full 0):
 garbage-first heap   total 307200K, used 145173K [0x0000000080000000, 0x0000000100000000)
  region size 1024K, 2 young (2048K), 2 survivors (2048K)
 Metaspace       used 138173K, committed 138944K, reserved 1171456K
  class space    used 17862K, committed 18240K, reserved 1048576K
}
Event: 185.641 GC heap before
{Heap before GC invocations=76 (full 0):
 garbage-first heap   total 307200K, used 261909K [0x0000000080000000, 0x0000000100000000)
  region size 1024K, 116 young (118784K), 2 survivors (2048K)
 Metaspace       used 138221K, committed 139008K, reserved 1171456K
  class space    used 17869K, committed 18240K, reserved 1048576K
}
Event: 185.653 GC heap after
{Heap after GC invocations=77 (full 0):
 garbage-first heap   total 307200K, used 145619K [0x0000000080000000, 0x0000000100000000)
  region size 1024K, 2 young (2048K), 2 survivors (2048K)
 Metaspace       used 138221K, committed 139008K, reserved 1171456K
  class space    used 17869K, committed 18240K, reserved 1048576K
}
Event: 188.220 GC heap before
{Heap before GC invocations=78 (full 0):
 garbage-first heap   total 307200K, used 262355K [0x0000000080000000, 0x0000000100000000)
  region size 1024K, 118 young (120832K), 2 survivors (2048K)
 Metaspace       used 138308K, committed 139072K, reserved 1171456K
  class space    used 17886K, committed 18240K, reserved 1048576K
}
Event: 188.236 GC heap after
{Heap after GC invocations=79 (full 0):
 garbage-first heap   total 307200K, used 144036K [0x0000000080000000, 0x0000000100000000)
  region size 1024K, 3 young (3072K), 3 survivors (3072K)
 Metaspace       used 138308K, committed 139072K, reserved 1171456K
  class space    used 17886K, committed 18240K, reserved 1048576K
}
Event: 188.699 GC heap before
{Heap before GC invocations=79 (full 0):
 garbage-first heap   total 307200K, used 156324K [0x0000000080000000, 0x0000000100000000)
  region size 1024K, 15 young (15360K), 3 survivors (3072K)
 Metaspace       used 138309K, committed 139072K, reserved 1171456K
  class space    used 17886K, committed 18240K, reserved 1048576K
}
Event: 188.716 GC heap after
{Heap after GC invocations=80 (full 0):
 garbage-first heap   total 307200K, used 139500K [0x0000000080000000, 0x0000000100000000)
  region size 1024K, 2 young (2048K), 2 survivors (2048K)
 Metaspace       used 138309K, committed 139072K, reserved 1171456K
  class space    used 17886K, committed 18240K, reserved 1048576K
}
Event: 190.336 GC heap before
{Heap before GC invocations=80 (full 0):
 garbage-first heap   total 307200K, used 265452K [0x0000000080000000, 0x0000000100000000)
  region size 1024K, 125 young (128000K), 2 survivors (2048K)
 Metaspace       used 138352K, committed 139136K, reserved 1171456K
  class space    used 17891K, committed 18240K, reserved 1048576K
}

